  ProyectoRolDePagos.cpp
G:\Programas\ProyectoParcial1\ProyectoRolDePagos\ListaCircularDoble.h(227,1): warning C4305: 'argumento': truncamiento de 'double' a 'float'
G:\Programas\ProyectoParcial1\ProyectoRolDePagos\ListaCircularDoble.h(206): message : al compilar la función del miembro clase plantilla "void ListaCircularDoble<RolPagos>::insertarRolPago(ListaCircularDoble<Empleado> *,std::string)"
G:\Programas\ProyectoParcial1\ProyectoRolDePagos\Menu.h(615): message : Vea la referencia a la creación de una instancia de la función plantilla "void ListaCircularDoble<RolPagos>::insertarRolPago(ListaCircularDoble<Empleado> *,std::string)" que se está compilando
G:\Programas\ProyectoParcial1\ProyectoRolDePagos\ListaCircularDoble.h(192): message : Vea la referencia a la creación de una instancia de clase plantilla "ListaCircularDoble<RolPagos>" que se está compilando
G:\Programas\ProyectoParcial1\ProyectoRolDePagos\ListaCircularDoble.h(289,53): warning C4805: '!=': combinación no segura del tipo 'int' y el tipo 'bool' en la operación
G:\Programas\ProyectoParcial1\ProyectoRolDePagos\ListaCircularDoble.h(279): message : al compilar la función del miembro clase plantilla "void ListaCircularDoble<RolPagos>::buscarRolPago(std::string)"
G:\Programas\ProyectoParcial1\ProyectoRolDePagos\Menu.h(515): message : Vea la referencia a la creación de una instancia de la función plantilla "void ListaCircularDoble<RolPagos>::buscarRolPago(std::string)" que se está compilando
G:\Programas\ProyectoParcial1\ProyectoRolDePagos\ListaDoble.h(246,1): warning C4305: 'argumento': truncamiento de 'double' a 'float'
G:\Programas\ProyectoParcial1\ProyectoRolDePagos\ListaDoble.h(225): message : al compilar la función del miembro clase plantilla "void ListaDoble<RolPagos>::insertarRolPago(ListaDoble<Empleado> *,std::string)"
G:\Programas\ProyectoParcial1\ProyectoRolDePagos\Menu.h(431): message : Vea la referencia a la creación de una instancia de la función plantilla "void ListaDoble<RolPagos>::insertarRolPago(ListaDoble<Empleado> *,std::string)" que se está compilando
G:\Programas\ProyectoParcial1\ProyectoRolDePagos\ListaDoble.h(211): message : Vea la referencia a la creación de una instancia de clase plantilla "ListaDoble<RolPagos>" que se está compilando
G:\Programas\ProyectoParcial1\ProyectoRolDePagos\ListaDoble.h(309,53): warning C4805: '!=': combinación no segura del tipo 'int' y el tipo 'bool' en la operación
G:\Programas\ProyectoParcial1\ProyectoRolDePagos\ListaDoble.h(299): message : al compilar la función del miembro clase plantilla "void ListaDoble<RolPagos>::buscarRolPago(std::string)"
G:\Programas\ProyectoParcial1\ProyectoRolDePagos\Menu.h(333): message : Vea la referencia a la creación de una instancia de la función plantilla "void ListaDoble<RolPagos>::buscarRolPago(std::string)" que se está compilando
G:\Programas\ProyectoParcial1\ProyectoRolDePagos\ListaSimple.h(248,1): warning C4305: 'argumento': truncamiento de 'double' a 'float'
G:\Programas\ProyectoParcial1\ProyectoRolDePagos\ListaSimple.h(227): message : al compilar la función del miembro clase plantilla "void ListaSimple<RolPagos>::insertarRolPago(ListaSimple<Empleado> *,std::string)"
G:\Programas\ProyectoParcial1\ProyectoRolDePagos\Menu.h(250): message : Vea la referencia a la creación de una instancia de la función plantilla "void ListaSimple<RolPagos>::insertarRolPago(ListaSimple<Empleado> *,std::string)" que se está compilando
G:\Programas\ProyectoParcial1\ProyectoRolDePagos\ListaSimple.h(213): message : Vea la referencia a la creación de una instancia de clase plantilla "ListaSimple<RolPagos>" que se está compilando
G:\Programas\ProyectoParcial1\ProyectoRolDePagos\ListaSimple.h(311,53): warning C4805: '!=': combinación no segura del tipo 'int' y el tipo 'bool' en la operación
G:\Programas\ProyectoParcial1\ProyectoRolDePagos\ListaSimple.h(301): message : al compilar la función del miembro clase plantilla "void ListaSimple<RolPagos>::buscarRolPago(std::string)"
G:\Programas\ProyectoParcial1\ProyectoRolDePagos\Menu.h(153): message : Vea la referencia a la creación de una instancia de la función plantilla "void ListaSimple<RolPagos>::buscarRolPago(std::string)" que se está compilando
  ProyectoRolDePagos.vcxproj -> G:\Programas\ProyectoParcial1\ProyectoRolDePagos\x64\Debug\ProyectoRolDePagos.exe
